C:\USERS\AVIADZINI\DESKTOP\CPP\CPP_FINALPROJECT\FINAL PROJECT C++\DEBUG\ACTOR.OBJ
C:\USERS\AVIADZINI\DESKTOP\CPP\CPP_FINALPROJECT\FINAL PROJECT C++\DEBUG\CONTACT.OBJ
C:\USERS\AVIADZINI\DESKTOP\CPP\CPP_FINALPROJECT\FINAL PROJECT C++\DEBUG\CREW.OBJ
C:\USERS\AVIADZINI\DESKTOP\CPP\CPP_FINALPROJECT\FINAL PROJECT C++\DEBUG\DANCER.OBJ
C:\USERS\AVIADZINI\DESKTOP\CPP\CPP_FINALPROJECT\FINAL PROJECT C++\DEBUG\DANCESHOW.OBJ
C:\USERS\AVIADZINI\DESKTOP\CPP\CPP_FINALPROJECT\FINAL PROJECT C++\DEBUG\EMPLOYEE.OBJ
C:\USERS\AVIADZINI\DESKTOP\CPP\CPP_FINALPROJECT\FINAL PROJECT C++\DEBUG\MAIN.OBJ
C:\USERS\AVIADZINI\DESKTOP\CPP\CPP_FINALPROJECT\FINAL PROJECT C++\DEBUG\MUSICIAN.OBJ
C:\USERS\AVIADZINI\DESKTOP\CPP\CPP_FINALPROJECT\FINAL PROJECT C++\DEBUG\MUSICSHOW.OBJ
C:\USERS\AVIADZINI\DESKTOP\CPP\CPP_FINALPROJECT\FINAL PROJECT C++\DEBUG\PARTICIPATOR.OBJ
C:\USERS\AVIADZINI\DESKTOP\CPP\CPP_FINALPROJECT\FINAL PROJECT C++\DEBUG\SHOW.OBJ
C:\USERS\AVIADZINI\DESKTOP\CPP\CPP_FINALPROJECT\FINAL PROJECT C++\DEBUG\SHOWATVENUE.OBJ
C:\USERS\AVIADZINI\DESKTOP\CPP\CPP_FINALPROJECT\FINAL PROJECT C++\DEBUG\THEATERSHOW.OBJ
C:\USERS\AVIADZINI\DESKTOP\CPP\CPP_FINALPROJECT\FINAL PROJECT C++\DEBUG\VENUE.OBJ
C:\USERS\AVIADZINI\DESKTOP\CPP\CPP_FINALPROJECT\FINAL PROJECT C++\DEBUG\VC110.PDB
C:\Users\AviadZini\Desktop\cpp\CPP_FinalProject\Final Project C++\Debug\Actor.obj
C:\Users\AviadZini\Desktop\cpp\CPP_FinalProject\Final Project C++\Debug\Contact.obj
C:\Users\AviadZini\Desktop\cpp\CPP_FinalProject\Final Project C++\Debug\Crew.obj
C:\Users\AviadZini\Desktop\cpp\CPP_FinalProject\Final Project C++\Debug\Dancer.obj
C:\Users\AviadZini\Desktop\cpp\CPP_FinalProject\Final Project C++\Debug\DanceShow.obj
C:\Users\AviadZini\Desktop\cpp\CPP_FinalProject\Final Project C++\Debug\Employee.obj
C:\Users\AviadZini\Desktop\cpp\CPP_FinalProject\Final Project C++\Debug\main.obj
C:\Users\AviadZini\Desktop\cpp\CPP_FinalProject\Final Project C++\Debug\Musician.obj
C:\Users\AviadZini\Desktop\cpp\CPP_FinalProject\Final Project C++\Debug\MusicShow.obj
C:\Users\AviadZini\Desktop\cpp\CPP_FinalProject\Final Project C++\Debug\Participator.obj
C:\Users\AviadZini\Desktop\cpp\CPP_FinalProject\Final Project C++\Debug\Show.obj
C:\Users\AviadZini\Desktop\cpp\CPP_FinalProject\Final Project C++\Debug\ShowAtVenue.obj
C:\Users\AviadZini\Desktop\cpp\CPP_FinalProject\Final Project C++\Debug\TheaterShow.obj
C:\Users\AviadZini\Desktop\cpp\CPP_FinalProject\Final Project C++\Debug\Venue.obj
C:\Users\AviadZini\Desktop\cpp\CPP_FinalProject\Final Project C++\Debug\cl.command.1.tlog
C:\Users\AviadZini\Desktop\cpp\CPP_FinalProject\Final Project C++\Debug\CL.read.1.tlog
C:\Users\AviadZini\Desktop\cpp\CPP_FinalProject\Final Project C++\Debug\CL.write.1.tlog
C:\Users\AviadZini\Desktop\cpp\CPP_FinalProject\Final Project C++\Debug\vc110.idb
C:\Users\AviadZini\Desktop\cpp\CPP_FinalProject\Final Project C++\Debug\vc110.pdb
