w:\לימודים\אפקה\3rd year\cpp\project\final project c++\final project c++\debug\vc120.pdb
w:\לימודים\אפקה\3rd year\cpp\project\final project c++\final project c++\debug\vc120.idb
w:\לימודים\אפקה\3rd year\cpp\project\final project c++\final project c++\debug\actor.obj
w:\לימודים\אפקה\3rd year\cpp\project\final project c++\final project c++\debug\contact.obj
w:\לימודים\אפקה\3rd year\cpp\project\final project c++\final project c++\debug\crew.obj
w:\לימודים\אפקה\3rd year\cpp\project\final project c++\final project c++\debug\dancer.obj
w:\לימודים\אפקה\3rd year\cpp\project\final project c++\final project c++\debug\danceshow.obj
w:\לימודים\אפקה\3rd year\cpp\project\final project c++\final project c++\debug\employee.obj
w:\לימודים\אפקה\3rd year\cpp\project\final project c++\final project c++\debug\main.obj
w:\לימודים\אפקה\3rd year\cpp\project\final project c++\final project c++\debug\musical.obj
w:\לימודים\אפקה\3rd year\cpp\project\final project c++\final project c++\debug\musician.obj
w:\לימודים\אפקה\3rd year\cpp\project\final project c++\final project c++\debug\musicshow.obj
w:\לימודים\אפקה\3rd year\cpp\project\final project c++\final project c++\debug\participator.obj
w:\לימודים\אפקה\3rd year\cpp\project\final project c++\final project c++\debug\show.obj
w:\לימודים\אפקה\3rd year\cpp\project\final project c++\final project c++\debug\showatvenue.obj
w:\לימודים\אפקה\3rd year\cpp\project\final project c++\final project c++\debug\theatershow.obj
w:\לימודים\אפקה\3rd year\cpp\project\final project c++\final project c++\debug\ticketoffice.obj
w:\לימודים\אפקה\3rd year\cpp\project\final project c++\final project c++\debug\venue.obj
w:\לימודים\אפקה\3rd year\cpp\project\final project c++\debug\final project c++.ilk
w:\לימודים\אפקה\3rd year\cpp\project\final project c++\debug\final project c++.exe
w:\לימודים\אפקה\3rd year\cpp\project\final project c++\debug\final project c++.pdb
w:\לימודים\אפקה\3rd year\cpp\project\final project c++\final project c++\debug\final pr.f7ab695c.tlog\cl.command.1.tlog
w:\לימודים\אפקה\3rd year\cpp\project\final project c++\final project c++\debug\final pr.f7ab695c.tlog\cl.read.1.tlog
w:\לימודים\אפקה\3rd year\cpp\project\final project c++\final project c++\debug\final pr.f7ab695c.tlog\cl.write.1.tlog
w:\לימודים\אפקה\3rd year\cpp\project\final project c++\final project c++\debug\final pr.f7ab695c.tlog\link.command.1.tlog
w:\לימודים\אפקה\3rd year\cpp\project\final project c++\final project c++\debug\final pr.f7ab695c.tlog\link.read.1.tlog
w:\לימודים\אפקה\3rd year\cpp\project\final project c++\final project c++\debug\final pr.f7ab695c.tlog\link.write.1.tlog
